<?xml version="1.0" encoding="UTF-8"?>
<!-- Generated by org.testng.reporters.JUnitReportReporter -->
<testsuite hostname="KULKARNPF21MQEZ" failures="0" tests="1" name="com.ecomm_pom.StandAloneTestcalss" time="29.867" errors="0" timestamp="2022-11-07T16:48:02 IST" skipped="0">
  <testcase classname="com.ecomm_pom.StandAloneTestcalss" name="standalone" time="29.867"/>
  <system-out/>
</testsuite> <!-- com.ecomm_pom.StandAloneTestcalss -->
