<?xml version="1.0" encoding="UTF-8"?>
<!-- Generated by org.testng.reporters.JUnitReportReporter -->
<testsuite hostname="KULKARNPF21MQEZ" failures="0" tests="1" name="com.ecomm_pom.AppTest" time="0.006" errors="0" timestamp="2022-11-06T13:12:34 IST" skipped="0">
  <testcase classname="com.ecomm_pom.AppTest" name="shouldAnswerWithTrue" time="0.006"/>
  <system-out/>
</testsuite> <!-- com.ecomm_pom.AppTest -->
